Using pre-set license
Built from '6000.0/release' branch; Version is '6000.0.25f1 (4859ab7b5a49) revision 4741547'; Using compiler version '193933523'; Build Type 'Release'
OS: 'Windows 11  (10.0.22631) 64bit CoreSingleLanguage' Language: 'en' Physical Memory: 7967 MB
BatchMode: 1, IsHumanControllingUs: 0, StartBugReporterOnCrash: 0, Is64bit: 1, IsPro: 1

COMMAND LINE ARGUMENTS:
C:\Users\jeffan\Documents\AR\Unity\Hub\Editor\6000.0.25f1\Editor\Unity.exe
-adb2
-batchMode
-noUpm
-name
AssetImportWorker0
-projectPath
C:/Users/jeffan/Documents/UNITY/ecogrind_AR
-logFile
Logs/AssetImportWorker0.log
-srvPort
52743
-job-worker-count
1
-background-job-worker-count
8
-asset-garbage-collectors
1
Successfully changed project path to: C:/Users/jeffan/Documents/UNITY/ecogrind_AR
C:/Users/jeffan/Documents/UNITY/ecogrind_AR
[UnityMemory] Configuration Parameters - Can be set up in boot.config
    "memorysetup-bucket-allocator-granularity=16"
    "memorysetup-bucket-allocator-bucket-count=8"
    "memorysetup-bucket-allocator-block-size=33554432"
    "memorysetup-bucket-allocator-block-count=8"
    "memorysetup-main-allocator-block-size=16777216"
    "memorysetup-thread-allocator-block-size=16777216"
    "memorysetup-gfx-main-allocator-block-size=16777216"
    "memorysetup-gfx-thread-allocator-block-size=16777216"
    "memorysetup-cache-allocator-block-size=4194304"
    "memorysetup-typetree-allocator-block-size=2097152"
    "memorysetup-profiler-bucket-allocator-granularity=16"
    "memorysetup-profiler-bucket-allocator-bucket-count=8"
    "memorysetup-profiler-bucket-allocator-block-size=33554432"
    "memorysetup-profiler-bucket-allocator-block-count=8"
    "memorysetup-profiler-allocator-block-size=16777216"
    "memorysetup-profiler-editor-allocator-block-size=1048576"
    "memorysetup-temp-allocator-size-main=16777216"
    "memorysetup-job-temp-allocator-block-size=2097152"
    "memorysetup-job-temp-allocator-block-size-background=1048576"
    "memorysetup-job-temp-allocator-reduction-small-platforms=262144"
    "memorysetup-allocator-temp-initial-block-size-main=262144"
    "memorysetup-allocator-temp-initial-block-size-worker=262144"
    "memorysetup-temp-allocator-size-background-worker=32768"
    "memorysetup-temp-allocator-size-job-worker=262144"
    "memorysetup-temp-allocator-size-preload-manager=33554432"
    "memorysetup-temp-allocator-size-nav-mesh-worker=65536"
    "memorysetup-temp-allocator-size-audio-worker=65536"
    "memorysetup-temp-allocator-size-cloud-worker=32768"
    "memorysetup-temp-allocator-size-gi-baking-worker=262144"
    "memorysetup-temp-allocator-size-gi-baking-worker=262144"
    "memorysetup-temp-allocator-size-gi-baking-worker=262144"
    "memorysetup-temp-allocator-size-gi-baking-worker=262144"
    "memorysetup-temp-allocator-size-gi-baking-worker=262144"
    "memorysetup-temp-allocator-size-gfx=262144"
Player connection [5728]  Target information:

Player connection [5728]  * "[IP] 192.168.1.84 [Port] 0 [Flags] 2 [Guid] 607575112 [EditorId] 607575112 [Version] 1048832 [Id] WindowsEditor(7,DESKTOP-6EMV6P5) [Debug] 1 [PackageName] WindowsEditor [ProjectName] Editor" 

Player connection [5728] Host joined multi-casting on [225.0.0.222:54997]...
Player connection [5728] Host joined alternative multi-casting on [225.0.0.222:34997]...
JobSystem: Creating JobQueue using job-worker-count value 1
[Physics::Module] Initialized fallback backend.
[Physics::Module] Id: 0xdecafbad
Library Redirect Path: Library/
[Physics::Module] Selected backend.
[Physics::Module] Name: PhysX
[Physics::Module] Id: 0xf2b8ea05
[Physics::Module] SDK Version: 4.1.2
[Physics::Module] Integration Version: 1.0.0
[Physics::Module] Threading Mode: Multi-Threaded
Refreshing native plugins compatible for Editor in 46.65 ms, found 3 plugins.
Preloading 0 native plugins for Editor in 0.00 ms.
Initialize engine version: 6000.0.25f1 (4859ab7b5a49)
[Subsystems] Discovering subsystems at path C:/Users/jeffan/Documents/AR/Unity/Hub/Editor/6000.0.25f1/Editor/Data/Resources/UnitySubsystems
[Subsystems] Discovering subsystems at path C:/Users/jeffan/Documents/UNITY/ecogrind_AR/Assets
GfxDevice: creating device client; kGfxThreadingModeNonThreaded
Direct3D:
    Version:  Direct3D 11.0 [level 11.1]
    Renderer: Intel(R) UHD Graphics (ID=0x4e71)
    Vendor:   Intel
    VRAM:     3983 MB
    Driver:   30.0.100.9864
Initialize mono
Mono path[0] = 'C:/Users/jeffan/Documents/AR/Unity/Hub/Editor/6000.0.25f1/Editor/Data/Managed'
Mono path[1] = 'C:/Users/jeffan/Documents/AR/Unity/Hub/Editor/6000.0.25f1/Editor/Data/MonoBleedingEdge/lib/mono/unityjit-win32'
Mono config path = 'C:/Users/jeffan/Documents/AR/Unity/Hub/Editor/6000.0.25f1/Editor/Data/MonoBleedingEdge/etc'
Using monoOptions --debugger-agent=transport=dt_socket,embedding=1,server=y,suspend=n,address=127.0.0.1:56836
Begin MonoManager ReloadAssembly
Registering precompiled unity dll's ...
Register platform support module: C:/Users/jeffan/Documents/AR/Unity/Hub/Editor/6000.0.25f1/Editor/Data/PlaybackEngines/WindowsStandaloneSupport/UnityEditor.WindowsStandalone.Extensions.dll
Registered in 0.022363 seconds.
- Loaded All Assemblies, in  3.085 seconds
Native extension for WindowsStandalone target not found
Mono: successfully reloaded assembly
- Finished resetting the current domain, in  3.455 seconds
Domain Reload Profiling: 6533ms
	BeginReloadAssembly (1182ms)
		ExecutionOrderSort (0ms)
		DisableScriptedObjects (0ms)
		BackupInstance (0ms)
		ReleaseScriptingObjects (0ms)
		CreateAndSetChildDomain (6ms)
	RebuildCommonClasses (221ms)
	RebuildNativeTypeToScriptingClass (89ms)
	initialDomainReloadingComplete (495ms)
	LoadAllAssembliesAndSetupDomain (1087ms)
		LoadAssemblies (1164ms)
		RebuildTransferFunctionScriptingTraits (0ms)
		AnalyzeDomain (1061ms)
			TypeCache.Refresh (1054ms)
				TypeCache.ScanAssembly (967ms)
			BuildScriptInfoCaches (0ms)
			ResolveRequiredComponents (5ms)
	FinalizeReload (3459ms)
		ReleaseScriptCaches (0ms)
		RebuildScriptCaches (0ms)
		SetupLoadedEditorAssemblies (3096ms)
			LogAssemblyErrors (0ms)
			InitializePlatformSupportModulesInManaged (182ms)
			SetLoadedEditorAssemblies (23ms)
			BeforeProcessingInitializeOnLoad (30ms)
			ProcessInitializeOnLoadAttributes (1566ms)
			ProcessInitializeOnLoadMethodAttributes (1207ms)
			AfterProcessingInitializeOnLoad (87ms)
			EditorAssembliesLoaded (0ms)
		ExecutionOrderSort2 (0ms)
		AwakeInstancesAfterBackupRestoration (0ms)
========================================================================
Worker process is ready to serve import requests
Import Worker Mode flag is 0x00
Begin MonoManager ReloadAssembly
- Loaded All Assemblies, in 16.518 seconds
Refreshing native plugins compatible for Editor in 2.40 ms, found 3 plugins.
Native extension for WindowsStandalone target not found
Mono: successfully reloaded assembly
- Finished resetting the current domain, in  3.297 seconds
Domain Reload Profiling: 19775ms
	BeginReloadAssembly (6137ms)
		ExecutionOrderSort (0ms)
		DisableScriptedObjects (158ms)
		BackupInstance (0ms)
		ReleaseScriptingObjects (0ms)
		CreateAndSetChildDomain (247ms)
	RebuildCommonClasses (259ms)
	RebuildNativeTypeToScriptingClass (41ms)
	initialDomainReloadingComplete (189ms)
	LoadAllAssembliesAndSetupDomain (9851ms)
		LoadAssemblies (7143ms)
		RebuildTransferFunctionScriptingTraits (0ms)
		AnalyzeDomain (5846ms)
			TypeCache.Refresh (5139ms)
				TypeCache.ScanAssembly (4427ms)
			BuildScriptInfoCaches (611ms)
			ResolveRequiredComponents (83ms)
	FinalizeReload (3298ms)
		ReleaseScriptCaches (0ms)
		RebuildScriptCaches (0ms)
		SetupLoadedEditorAssemblies (2206ms)
			LogAssemblyErrors (0ms)
			InitializePlatformSupportModulesInManaged (8ms)
			SetLoadedEditorAssemblies (12ms)
			BeforeProcessingInitializeOnLoad (234ms)
			ProcessInitializeOnLoadAttributes (1517ms)
			ProcessInitializeOnLoadMethodAttributes (420ms)
			AfterProcessingInitializeOnLoad (14ms)
			EditorAssembliesLoaded (0ms)
		ExecutionOrderSort2 (0ms)
		AwakeInstancesAfterBackupRestoration (14ms)
Launched and connected shader compiler UnityShaderCompiler.exe after 0.03 seconds
Refreshing native plugins compatible for Editor in 3.96 ms, found 3 plugins.
Preloading 0 native plugins for Editor in 0.00 ms.
Unloading 212 Unused Serialized files (Serialized files now loaded: 0)
Unloading 5951 unused Assets / (4.5 MB). Loaded Objects now: 6732.
Memory consumption went from 178.3 MB to 173.7 MB.
Total: 22.347500 ms (FindLiveObjects: 1.427700 ms CreateObjectMapping: 2.036500 ms MarkObjects: 12.866500 ms  DeleteObjects: 6.008800 ms)

========================================================================
Received Import Request.
  Time since last request: 131086.323752 seconds.
  path: Assets/bahan-bahan/tentnag 1.jpg
  artifactKey: Guid(c19856cc013cfa2488152d897c70176d) Importer(815301076,1909f56bfc062723c751e8b465ee728b)
Start importing Assets/bahan-bahan/tentnag 1.jpg using Guid(c19856cc013cfa2488152d897c70176d) Importer(815301076,1909f56bfc062723c751e8b465ee728b) (PreviewImporter) -> (artifact id: '58c2fe26950eb5d0efd8a44b3e623e9a') in 0.1757644 seconds
Number of updated asset objects reloaded before import = 0Number of asset objects unloaded after import = 2

========================================================================
Received Import Request.
  Time since last request: 0.000067 seconds.
  path: Assets/bahan-bahan/tentnag.jpg
  artifactKey: Guid(5409e744a555b0d4da5edc7c9c6dafa4) Importer(815301076,1909f56bfc062723c751e8b465ee728b)
Start importing Assets/bahan-bahan/tentnag.jpg using Guid(5409e744a555b0d4da5edc7c9c6dafa4) Importer(815301076,1909f56bfc062723c751e8b465ee728b) (PreviewImporter) -> (artifact id: '8473d190dcd2e72acd3b4b6fc08fa7f0') in 0.0267577 seconds
Number of updated asset objects reloaded before import = 0Number of asset objects unloaded after import = 2

========================================================================
Received Import Request.
  Time since last request: 28.439877 seconds.
  path: Assets/bahan-bahan/tentnag 1.jpg
  artifactKey: Guid(c19856cc013cfa2488152d897c70176d) Importer(815301076,1909f56bfc062723c751e8b465ee728b)
Start importing Assets/bahan-bahan/tentnag 1.jpg using Guid(c19856cc013cfa2488152d897c70176d) Importer(815301076,1909f56bfc062723c751e8b465ee728b) (PreviewImporter) -> (artifact id: '2ec6318d3885696c1eda10eec042af5c') in 0.2262568 seconds
Number of updated asset objects reloaded before import = 0Number of asset objects unloaded after import = 3

========================================================================
Received Import Request.
  Time since last request: 184.876166 seconds.
  path: Assets/bahan-bahan/tentnag (1).png
  artifactKey: Guid(3fecb4b2fafea884ba6cc5d24555651d) Importer(815301076,1909f56bfc062723c751e8b465ee728b)
Start importing Assets/bahan-bahan/tentnag (1).png using Guid(3fecb4b2fafea884ba6cc5d24555651d) Importer(815301076,1909f56bfc062723c751e8b465ee728b) (PreviewImporter) -> (artifact id: 'fd3f8b28a5504b6db10d0a10df8c44dd') in 0.1035423 seconds
Number of updated asset objects reloaded before import = 0Number of asset objects unloaded after import = 2

========================================================================
Received Import Request.
  Time since last request: 10.064867 seconds.
  path: Assets/bahan-bahan/tentnag (1).png
  artifactKey: Guid(3fecb4b2fafea884ba6cc5d24555651d) Importer(815301076,1909f56bfc062723c751e8b465ee728b)
Start importing Assets/bahan-bahan/tentnag (1).png using Guid(3fecb4b2fafea884ba6cc5d24555651d) Importer(815301076,1909f56bfc062723c751e8b465ee728b) (PreviewImporter) -> (artifact id: '1e417c1f0e900ac2b9ffa3b2293a3388') in 0.0642135 seconds
Number of updated asset objects reloaded before import = 0Number of asset objects unloaded after import = 3

========================================================================
Received Import Request.
  Time since last request: 24.500480 seconds.
  path: Assets/bahan-bahan/tentnag (1).png
  artifactKey: Guid(3fecb4b2fafea884ba6cc5d24555651d) Importer(815301076,1909f56bfc062723c751e8b465ee728b)
Start importing Assets/bahan-bahan/tentnag (1).png using Guid(3fecb4b2fafea884ba6cc5d24555651d) Importer(815301076,1909f56bfc062723c751e8b465ee728b) (PreviewImporter) -> (artifact id: 'bcc58600bcb7043fe292c7ca00814ddc') in 0.0334847 seconds
Number of updated asset objects reloaded before import = 0Number of asset objects unloaded after import = 2

========================================================================
Received Import Request.
  Time since last request: 168.540794 seconds.
  path: Assets/Tentang.unity
  artifactKey: Guid(452bdf8d662584844b12777746f84909) Importer(815301076,1909f56bfc062723c751e8b465ee728b)
Start importing Assets/Tentang.unity using Guid(452bdf8d662584844b12777746f84909) Importer(815301076,1909f56bfc062723c751e8b465ee728b) (PreviewImporter) -> (artifact id: 'db5b53a30917af8ebc9d92828d5fef9c') in 0.0024958 seconds
Number of updated asset objects reloaded before import = 0Number of asset objects unloaded after import = 0

========================================================================
Received Import Request.
  Time since last request: 5.336618 seconds.
  path: Assets/Keluar.unity
  artifactKey: Guid(36e6f32bf48b44147b23a987a8f7a503) Importer(815301076,1909f56bfc062723c751e8b465ee728b)
Start importing Assets/Keluar.unity using Guid(36e6f32bf48b44147b23a987a8f7a503) Importer(815301076,1909f56bfc062723c751e8b465ee728b) (PreviewImporter) -> (artifact id: 'ad393c96a320266a1df4ada503b67adf') in 0.0023768 seconds
Number of updated asset objects reloaded before import = 0Number of asset objects unloaded after import = 0

========================================================================
Received Import Request.
  Time since last request: 6.702127 seconds.
  path: Assets/Scenes/SampleScene.unity
  artifactKey: Guid(99c9720ab356a0642a771bea13969a05) Importer(815301076,1909f56bfc062723c751e8b465ee728b)
Start importing Assets/Scenes/SampleScene.unity using Guid(99c9720ab356a0642a771bea13969a05) Importer(815301076,1909f56bfc062723c751e8b465ee728b) (PreviewImporter) -> (artifact id: '387956a1ac924bb292ee73d53f643e98') in 0.0059864 seconds
Number of updated asset objects reloaded before import = 0Number of asset objects unloaded after import = 0

========================================================================
Received Import Request.
  Time since last request: 14.313858 seconds.
  path: Assets/profile.unity
  artifactKey: Guid(b514c10a2d17804458276d6c7bf98a8b) Importer(815301076,1909f56bfc062723c751e8b465ee728b)
Start importing Assets/profile.unity using Guid(b514c10a2d17804458276d6c7bf98a8b) Importer(815301076,1909f56bfc062723c751e8b465ee728b) (PreviewImporter) -> (artifact id: '40db061c82f6da148f57b8a35ab52e9f') in 0.0031945 seconds
Number of updated asset objects reloaded before import = 0Number of asset objects unloaded after import = 0

